[davtonia.com/blackcoin/index.html]
[backblue.gif]
[fade.gif]
[index.html]
[davtonia.com/blackcoin/wp-content/plugins/spamgone/comments_filterb523.css]
[davtonia.com/blackcoin/comments/feed/index.html]
[davtonia.com/blackcoin/wp-content/plugins/easy-accordion-free/css/styleb523.css]
[davtonia.com/blackcoin/feed/index.html]
[netdna.bootstrapcdn.com/font-awesome/4.0.3/css/font-awesomeb523.css]
[davtonia.com/blackcoin/wp-content/plugins/revslider/public/assets/css/settingsd6ea.css]
[davtonia.com/blackcoin/wp-content/plugins/fetch-tweets/template/plain/styleb523.css]
[davtonia.com/blackcoin/wp-content/themes/x/framework/css/site/stacks/integrity-dark0235.css]
[davtonia.com/blackcoin/wp-content/plugins/cornerstone/assets/css/site/fa-icon-classes0ba6.css]
[davtonia.com/blackcoin/wp-content/plugins/squelch-tabs-and-accordions-shortcodes/css/squelch-tabs-and-accordionsaf8f.css]
[davtonia.com/blackcoin/wp-content/plugins/jquery-updater/js/jquery-2.1.4.min6b25.js]
[davtonia.com/blackcoin/wp-content/plugins/intelly-countdown/assets/deps/moment/moment1a59.js]
[davtonia.com/blackcoin/wp-content/plugins/intelly-countdown/assets/js/icp.library1a59.js]
[davtonia.com/blackcoin/wp-content/plugins/jquery-updater/js/jquery-migrate-1.2.1.min1576.js]
[davtonia.com/blackcoin/wp-content/plugins/revslider/public/assets/js/jquery.themepunch.tools.mind6ea.js]
[davtonia.com/blackcoin/wp-content/plugins/revslider/public/assets/js/jquery.themepunch.revolution.mind6ea.js]
[davtonia.com/blackcoin/wp-content/plugins/scrollbar-designer/js/jquery.nicescroll.minb523.js]
[davtonia.com/blackcoin/wp-content/themes/x/framework/js/dist/site/x-head.min0235.js]
[davtonia.com/blackcoin/wp-content/plugins/cornerstone/assets/js/dist/site/cs-head.min0ba6.js]
[cdnjs.cloudflare.com/ajax/libs/jquery-easing/1.3/jquery.easing.minb523.js]
[davtonia.com/blackcoin/wp-admin/admin-ajax.html]
[theme.co/x/demo/integrity/1/wp-content/uploads/sites/2/2013/06/bg-integrity-1.png]
[davtonia.com/blackcoin/wp-content/uploads/Blackcoin-logo-420s.png]
[davtonia.com/blackcoin/zh/index.html]
[davtonia.com/blackcoin/wp-content/uploads/logomain.jpg]
[davtonia.com/blackcoin/ru/index.html]
[davtonia.com/blackcoin/es/index.html]
[davtonia.com/blackcoin/faq/index.html]
[davtonia.com/blackcoin/wp-content/uploads/mask_28_opt.jpg]
[davtonia.com/blackcoin/community-projects/index.html]
[davtonia.com/blackcoin/en/index.html]
[davtonia.com/blackcoin/wp-content/uploads/mask_29_opt.jpg]
[davtonia.com/blackcoin/wp-content/uploads/mask_31_opt.jpg]
[davtonia.com/blackcoin/wp-content/uploads/indeks4.png]
[davtonia.com/blackcoin/wp-content/uploads/indeks3.png]
[davtonia.com/blackcoin/wp-content/uploads/usecryptos_opt.png]
[davtonia.com/blackcoin/wp-content/uploads/poloniex_opt.png]
[davtonia.com/blackcoin/wp-content/uploads/bittrex.png]
[davtonia.com/blackcoin/wp-content/uploads/bter.png]
[davtonia.com/blackcoin/wp-content/uploads/bittylicious.png]
[davtonia.com/blackcoin/wp-content/uploads/litebit.png]
[davtonia.com/blackcoin/wp-content/uploads/btc38.png]
[davtonia.com/blackcoin/wp-content/uploads/jubi_opt.png]
[davtonia.com/blackcoin/wp-content/uploads/winicon.png]
[davtonia.com/blackcoin/wp-content/uploads/macicon.png]
[davtonia.com/blackcoin/wp-content/uploads/linuxicon3.png]
[davtonia.com/blackcoin/wp-content/uploads/androidicon2.png]
[davtonia.com/blackhalo/blackhalowin.zip]
[davtonia.com/blackhalo/wp-content/uploads/2014/06/whitepaper_twosided.pdf]
[pbs.twimg.com/profile_images/558137796225810432/DDl1q4Tf_normal.jpg]
[pbs.twimg.com/profile_images/558137796225810432/DDl1q4Tf.jpg]
[pbs.twimg.com/media/CgAUoNtUMAAC7Qg.jpg]
[platform.twitter.com/widgets.js]
[davtonia.com/blackcoin/wp-content/plugins/fetch-tweets/asset/image/reply_48x16.png]
[davtonia.com/blackcoin/wp-content/plugins/fetch-tweets/asset/image/retweet_48x16.png]
[davtonia.com/blackcoin/wp-content/plugins/fetch-tweets/asset/image/favorite_48x16.png]
[pbs.twimg.com/media/Cf_retwUEAEe_sm.jpg]
[pbs.twimg.com/profile_images/720216779574898688/9o8Ksa_M_normal.jpg]
[pbs.twimg.com/profile_images/720216779574898688/9o8Ksa_M.jpg]
[pbs.twimg.com/profile_images/659002507318849536/gjAK2got_normal.jpg]
[pbs.twimg.com/profile_images/659002507318849536/gjAK2got.jpg]
[pbs.twimg.com/media/Cf_CJUrWcAAiLnv.jpg]
[pbs.twimg.com/profile_images/471648586627682305/MDHmhdUR_normal.png]
[pbs.twimg.com/profile_images/471648586627682305/MDHmhdUR.png]
[pbs.twimg.com/profile_images/674930042678468609/7HRslF0M_normal.png]
[pbs.twimg.com/profile_images/674930042678468609/7HRslF0M.png]
[pbs.twimg.com/media/Cf-ZHqfWsAEnxnn.png]
[pbs.twimg.com/profile_images/684082807262461952/SC8_xKQW_normal.png]
[pbs.twimg.com/profile_images/684082807262461952/SC8_xKQW.png]
[pbs.twimg.com/profile_images/460295605512728576/ipuAn9cB_normal.jpg]
[pbs.twimg.com/profile_images/460295605512728576/ipuAn9cB.jpg]
[pbs.twimg.com/media/Cf9vyOMUUAAJA_p.jpg]
[pbs.twimg.com/profile_images/585215576559095808/yX13DQyC_normal.png]
[pbs.twimg.com/profile_images/585215576559095808/yX13DQyC.png]
[pbs.twimg.com/media/Cf8dUPwUkAIqrzs.jpg]
[pbs.twimg.com/media/Cf70HP6VAAA-Zex.jpg]
[pbs.twimg.com/media/Cf7K6ScUAAAXJBm.jpg]
[davtonia.com/blackcoin/wp-content/plugins/easy-accordion-free/js/jquery.beefup.min68b3.js]
[www.cryptonator.com/ui/js/widget/multi_widget.js]
[davtonia.com/blackcoin/wp-content/themes/x/framework/js/dist/site/x-body.min0235.js]
[davtonia.com/blackcoin/wp-includes/js/comment-reply.minb523.js]
[davtonia.com/blackcoin/wp-content/plugins/cornerstone/assets/js/dist/site/cs-body.min0ba6.js]
[davtonia.com/blackcoin/wp-includes/js/jquery/ui/core.mine899.js]
[davtonia.com/blackcoin/wp-includes/js/jquery/ui/widget.mine899.js]
[davtonia.com/blackcoin/wp-includes/js/jquery/ui/accordion.mine899.js]
[davtonia.com/blackcoin/wp-includes/js/jquery/ui/tabs.mine899.js]
[davtonia.com/blackcoin/wp-content/plugins/squelch-tabs-and-accordions-shortcodes/js/squelch-tabs-and-accordionsaf8f.js]
[davtonia.com/blackcoin/index.html]
[davtonia.com/blackcoin/xmlrpc.php]
[davtonia.com/blackcoin/wp-content/plugins/spamgone/comments_filterb523.css]
[davtonia.com/blackcoin/wp-content/plugins/easy-accordion-free/css/styleb523.css]
[netdna.bootstrapcdn.com/font-awesome/4.0.3/css/font-awesomeb523.css]
[davtonia.com/blackcoin/wp-content/plugins/revslider/public/assets/fonts/revicons/revicons90c6.eot]
[davtonia.com/blackcoin/wp-content/plugins/revslider/public/assets/fonts/revicons/revicons90c6.ttf]
[davtonia.com/blackcoin/wp-content/plugins/revslider/public/assets/fonts/revicons/revicons90c6.svg]
[davtonia.com/blackcoin/wp-content/plugins/revslider/public/assets/css/openhand.cur]
[davtonia.com/blackcoin/wp-content/plugins/revslider/public/assets/css/closedhand.cur]
[davtonia.com/blackcoin/wp-content/plugins/revslider/public/assets/assets/gridtile.png]
[davtonia.com/blackcoin/wp-content/plugins/revslider/public/assets/assets/gridtile_white.png]
[davtonia.com/blackcoin/wp-content/plugins/revslider/public/assets/assets/gridtile_3x3.png]
[davtonia.com/blackcoin/wp-content/plugins/revslider/public/assets/assets/gridtile_3x3_white.png]
[davtonia.com/blackcoin/wp-content/plugins/revslider/public/assets/assets/coloredbg.png]
[davtonia.com/blackcoin/wp-content/plugins/revslider/public/assets/assets/loader.gif]
[davtonia.com/blackcoin/wp-content/plugins/revslider/public/assets/css/settingsd6ea.css]
[davtonia.com/blackcoin/wp-content/plugins/fetch-tweets/template/plain/styleb523.css]
[davtonia.com/blackcoin/wp-content/themes/x/framework/img/global/btn-circle-top-small.png]
[davtonia.com/blackcoin/wp-content/themes/x/framework/img/global/btn-circle-bottom-small.png]
[davtonia.com/blackcoin/wp-content/themes/x/framework/img/global/loading.gif]
[davtonia.com/blackcoin/wp-content/themes/x/framework/img/global/ilightbox-preloader-dark.gif]
[davtonia.com/blackcoin/wp-content/themes/x/framework/img/global/ilightbox-thumb-overlay-play-dark.png]
[davtonia.com/blackcoin/wp-content/themes/x/framework/fonts/font_awesome/fontawesome-webfonte0a5.eot]
[davtonia.com/blackcoin/wp-content/themes/x/framework/fonts/font_awesome/fontawesome-webfontd41d.eot]
[davtonia.com/blackcoin/wp-content/themes/x/framework/fonts/font_awesome/fontawesome-webfonte0a5.ttf]
[davtonia.com/blackcoin/wp-content/themes/x/framework/fonts/font_awesome/fontawesome-webfonte0a5.svg]
[davtonia.com/blackcoin/wp-content/themes/x/framework/css/site/stacks/integrity-dark0235.css]
[davtonia.com/blackcoin/wp-content/plugins/cornerstone/assets/css/site/fa-icon-classes0ba6.css]
[davtonia.com/blackcoin/wp-content/plugins/squelch-tabs-and-accordions-shortcodes/css/bg_stitch.png]
[davtonia.com/blackcoin/wp-content/plugins/squelch-tabs-and-accordions-shortcodes/css/bg_noise.png]
[davtonia.com/blackcoin/wp-content/plugins/squelch-tabs-and-accordions-shortcodes/css/squelch-tabs-and-accordionsaf8f.css]
[davtonia.com/blackcoin/wp-content/plugins/jquery-updater/js/jquery-2.1.4.min6b25.js]
[davtonia.com/blackcoin/wp-content/plugins/intelly-countdown/assets/deps/moment/moment1a59.js]
[davtonia.com/blackcoin/wp-content/plugins/intelly-countdown/assets/js/icp.library1a59.js]
[davtonia.com/blackcoin/wp-content/plugins/jquery-updater/js/jquery-migrate-1.2.1.min1576.js]
[davtonia.com/blackcoin/wp-content/plugins/revslider/public/assets/js/jquery.themepunch.tools.mind6ea.js]
[davtonia.com/blackcoin/wp-content/plugins/revslider/public/assets/js/jquery.themepunch.revolution.mind6ea.js]
[davtonia.com/blackcoin/wp-content/plugins/scrollbar-designer/js/jquery.nicescroll.minb523.js]
[davtonia.com/blackcoin/wp-content/themes/x/framework/js/dist/site/x-head.min0235.js]
[davtonia.com/blackcoin/wp-content/plugins/cornerstone/assets/js/dist/site/cs-head.min0ba6.js]
[davtonia.com/blackcoin/wp-admin/admin-ajax.html]
[davtonia.com/blackcoin/wp-content/plugins/transposh-translation-filter-for-wordpress/js/transposhd6c3.js]
[davtonia.com/blackcoin/zh/feed/index.html]
[davtonia.com/blackcoin/zh/index.html]
[davtonia.com/blackcoin/zh/comments/feed/index.html]
[davtonia.com/blackcoin/ru/index.html]
[davtonia.com/blackcoin/zh/faq/index.html]
[davtonia.com/blackcoin/zh/community-projects/index.html]
[davtonia.com/blackcoin/es/index.html]
[davtonia.com/blackcoin/ru/feed/index.html]
[davtonia.com/blackcoin/ru/comments/feed/index.html]
[davtonia.com/blackcoin/faq/index.html]
[davtonia.com/blackcoin/ru/faq/index.html]
[davtonia.com/blackcoin/ru/community-projects/index.html]
[davtonia.com/blackcoin/wp-content/uploads/wallpapers_opt.jpg]
[davtonia.com/blackcoin/wp-content/uploads/buisnessesmap_opt.jpg]
[davtonia.com/blackcoin/es/feed/index.html]
[davtonia.com/blackcoin/wp-content/uploads/freelancers_opt.jpg]
[davtonia.com/blackcoin/es/comments/feed/index.html]
[davtonia.com/blackcoin/wp-content/uploads/timeline1_opt.jpg]
[davtonia.com/blackcoin/es/faq/index.html]
[davtonia.com/blackcoin/es/community-projects/index.html]
[davtonia.com/blackcoin/wp-content/uploads/blackbit_opt.jpg]
[davtonia.com/blackcoin/wp-content/uploads/Sound_opt.jpg]
[davtonia.com/blackcoin/community-projects/index.html]
[davtonia.com/blackcoin/en/index.html]
[davtonia.com/blackcoin/index51f7.html]
[davtonia.com/blackcoin/indexb484.html]
[davtonia.com/blackhalo/blackhalo.tar.html]
[davtonia.com/blackcoin/wp-content/plugins/easy-accordion-free/js/jquery.beefup.min68b3.js]
[davtonia.com/blackcoin/wp-content/themes/x/framework/js/dist/site/x-body.min0235.js]
[davtonia.com/blackcoin/wp-includes/js/comment-reply.minb523.js]
[pbs.twimg.com/media/Cf-ZFf4WEAEeJmr.jpg]
[pbs.twimg.com/media/Cf9GnovVIAE9Bz7.jpg]
[davtonia.com/blackcoin/wp-content/plugins/cornerstone/assets/js/dist/site/cs-body.min0ba6.js]
[davtonia.com/blackcoin/wp-includes/js/jquery/ui/core.mine899.js]
[davtonia.com/blackcoin/wp-includes/js/jquery/ui/widget.mine899.js]
[davtonia.com/blackcoin/wp-includes/js/jquery/ui/accordion.mine899.js]
[davtonia.com/blackcoin/wp-includes/js/jquery/ui/tabs.mine899.js]
[davtonia.com/blackcoin/wp-content/plugins/squelch-tabs-and-accordions-shortcodes/js/squelch-tabs-and-accordionsaf8f.js]
[davtonia.com/blackcoin/wp-content/plugins/revslider/public/assets/fonts/revicons/revicons90c6.html]
[davtonia.com/blackcoin/wp-content/themes/x/framework/css/site/stacks/closedhand.html]
[davtonia.com/blackcoin/wp-content/themes/x/framework/fonts/font_awesome/fontawesome-webfonte0a5.html]
[davtonia.com/blackcoin/wp-content/themes/x/framework/fonts/font_awesome/fontawesome-webfonte0a5-2.html]
[davtonia.com/index.html]
[davtonia.com/blackcoin/TweenLite.html]
[davtonia.com/blackcoin/Version/index.html]
[davtonia.com/TweenLite.html]
[davtonia.com/blackcoin/themepunch.revolution.min.html]
[davtonia.com/blackcoin/jquery.themepunch.revolution.min.html]
[davtonia.com/blackcoin/jquery.themepunch.revolution.html]
[davtonia.com/blackcoin/wp-content/plugins/transposh-translation-filter-for-wordpress/js/transposhd6c3.js]
[davtonia.com/blackcoin/zh/faq/index.html]
[davtonia.com/blackcoin/zh/community-projects/index.html]
[davtonia.com/blackcoin/zh/portfolio-item/wallpapers/index.html]
[davtonia.com/blackcoin/zh/index51f7.html]
[davtonia.com/blackcoin/zh/portfolio-item/map/index.html]
[davtonia.com/blackcoin/zh/portfolio-item/blackcoin-freelancers/index.html]
[davtonia.com/blackcoin/zh/indexb484.html]
[davtonia.com/blackcoin/ru/faq/index.html]
[davtonia.com/blackcoin/ru/community-projects/index.html]
[davtonia.com/blackcoin/zh/portfolio-item/blackcoin-timeline/index.html]
[davtonia.com/blackcoin/ru/index51f7.html]
[davtonia.com/blackcoin/zh/portfolio-item/blackbit/index.html]
[davtonia.com/blackcoin/zh/portfolio-item/blackcoin-sound/index.html]
[davtonia.com/blackcoin/ru/indexb484.html]
[davtonia.com/blackcoin/ru/portfolio-item/wallpapers/index.html]
[davtonia.com/blackcoin/ru/portfolio-item/map/index.html]
[davtonia.com/blackcoin/es/faq/index.html]
[davtonia.com/blackcoin/ru/portfolio-item/blackcoin-freelancers/index.html]
[davtonia.com/blackcoin/es/community-projects/index.html]
[davtonia.com/blackcoin/ru/portfolio-item/blackcoin-timeline/index.html]
[davtonia.com/blackcoin/es/index51f7.html]
[davtonia.com/blackcoin/ru/portfolio-item/blackbit/index.html]
[davtonia.com/blackcoin/ru/portfolio-item/blackcoin-sound/index.html]
[davtonia.com/blackcoin/es/indexb484.html]
[davtonia.com/blackcoin/es/portfolio-item/wallpapers/index.html]
[davtonia.com/blackcoin/es/portfolio-item/map/index.html]
[davtonia.com/blackcoin/index3d15.html]
[davtonia.com/blackcoin/es/portfolio-item/blackcoin-freelancers/index.html]
[davtonia.com/blackcoin/index409c.html]
[davtonia.com/blackcoin/portfolio-item/wallpapers/index.html]
[davtonia.com/blackcoin/portfolio-item/map/index.html]
[davtonia.com/blackcoin/portfolio-item/blackcoin-freelancers/index.html]
[davtonia.com/blackcoin/portfolio-item/blackcoin-timeline/index.html]
[davtonia.com/blackcoin/portfolio-item/blackbit/index.html]
[davtonia.com/blackcoin/portfolio-item/blackcoin-sound/index.html]
[davtonia.com/blackcoin/Popover requires tooltip.html]
[davtonia.com/js/transposhedit.html]
[davtonia.com/blackcoin/zh/portfolio-item/wallpapers/index.html]
[davtonia.com/blackcoin/es/portfolio-item/blackcoin-timeline/index.html]
[davtonia.com/blackcoin/zh/portfolio-item/map/index.html]
[davtonia.com/blackcoin/es/portfolio-item/blackbit/index.html]
[davtonia.com/blackcoin/es/portfolio-item/blackcoin-sound/index.html]
[davtonia.com/blackcoin/zh/portfolio-item/blackcoin-freelancers/index.html]
[davtonia.com/blackcoin/zh/portfolio-item/wallpapers/feed/index.html]
[davtonia.com/blackcoin/zh/portfolio-item/blackcoin-timeline/index.html]
[davtonia.com/blackcoin/zh/portfolio-item/01/index.html]
[davtonia.com/blackcoin/zh/portfolio-item-category/people/index.html]
[davtonia.com/blackcoin/zh/portfolio-item/blackbit/index.html]
[davtonia.com/blackcoin/zh/portfolio-item/map/feed/index.html]
[davtonia.com/blackcoin/zh/portfolio-item-category/shopping/index.html]
[davtonia.com/blackcoin/zh/portfolio-item/blackcoin-sound/index.html]
[davtonia.com/blackcoin/ru/portfolio-item/wallpapers/index.html]
[davtonia.com/blackcoin/zh/portfolio-item/blackcoin-freelancers/feed/index.html]
[davtonia.com/blackcoin/zh/portfolio-item/blackcoin-timeline/feed/index.html]
[davtonia.com/blackcoin/ru/portfolio-item/map/index.html]
[davtonia.com/blackcoin/zh/portfolio-item-category/technology/index.html]
[davtonia.com/blackcoin/ru/portfolio-item/blackcoin-freelancers/index.html]
[davtonia.com/blackcoin/zh/portfolio-item/blackbit/feed/index.html]
[davtonia.com/blackcoin/ru/portfolio-item/blackcoin-timeline/index.html]
[davtonia.com/blackcoin/zh/portfolio-item/blackcoin-sound/feed/index.html]
[davtonia.com/blackcoin/ru/portfolio-item/blackbit/index.html]
[davtonia.com/blackcoin/zh/portfolio-item/demo-sierra-farm/index.html]
[davtonia.com/blackcoin/ru/portfolio-item/wallpapers/feed/index.html]
[davtonia.com/blackcoin/ru/portfolio-item/blackcoin-sound/index.html]
[davtonia.com/blackcoin/ru/portfolio-item/01/index.html]
[davtonia.com/blackcoin/ru/portfolio-item-category/people/index.html]
[davtonia.com/blackcoin/es/portfolio-item/wallpapers/index.html]
[davtonia.com/blackcoin/ru/portfolio-item/map/feed/index.html]
[davtonia.com/blackcoin/ru/portfolio-item-category/shopping/index.html]
[davtonia.com/blackcoin/ru/portfolio-item/blackcoin-freelancers/feed/index.html]
[davtonia.com/blackcoin/es/portfolio-item/map/index.html]
[davtonia.com/blackcoin/ru/portfolio-item/blackcoin-timeline/feed/index.html]
[davtonia.com/blackcoin/ru/portfolio-item-category/technology/index.html]
[davtonia.com/blackcoin/es/portfolio-item/blackcoin-freelancers/index.html]
[davtonia.com/blackcoin/ru/portfolio-item/blackbit/feed/index.html]
[davtonia.com/blackcoin/ru/portfolio-item/blackcoin-sound/feed/index.html]
[davtonia.com/blackcoin/es/portfolio-item/blackcoin-timeline/index.html]
[davtonia.com/blackcoin/ru/portfolio-item/demo-sierra-farm/index.html]
[davtonia.com/blackcoin/es/portfolio-item/wallpapers/feed/index.html]
[davtonia.com/blackcoin/es/portfolio-item/blackbit/index.html]
[davtonia.com/blackcoin/es/portfolio-item/01/index.html]
[davtonia.com/blackcoin/es/portfolio-item-category/people/index.html]
[davtonia.com/blackcoin/es/portfolio-item/blackcoin-sound/index.html]
[davtonia.com/blackcoin/es/portfolio-item/map/feed/index.html]
[davtonia.com/blackcoin/es/portfolio-item-category/shopping/index.html]
[davtonia.com/blackhalo/blackhalo.html]
[davtonia.com/blackcoin/es/portfolio-item/blackcoin-freelancers/feed/index.html]
[davtonia.com/blackcoin/es/portfolio-item/blackcoin-timeline/feed/index.html]
[davtonia.com/blackcoin/index9dca.html]
[davtonia.com/blackcoin/es/portfolio-item-category/technology/index.html]
[davtonia.com/blackcoin/es/portfolio-item/blackbit/feed/index.html]
[davtonia.com/blackcoin/es/portfolio-item/blackcoin-sound/feed/index.html]
[davtonia.com/blackcoin/es/portfolio-item/demo-sierra-farm/index.html]
[davtonia.com/blackcoin/zh/portfolio-item/01/feed/index.html]
[davtonia.com/blackcoin/wp-content/uploads/BLK_deers-1200x675.jpg]
[davtonia.com/blackcoin/wp-content/uploads/BLK_japan-1200x675.jpg]
[davtonia.com/blackcoin/portfolio-item/01/index.html]
[davtonia.com/blackcoin/zh/portfolio-item/weekly-hq-wallpapers/index.html]
[davtonia.com/blackcoin/wp-content/uploads/BLK_keyboard-1200x675.jpg]
[davtonia.com/blackcoin/wp-content/uploads/BLK_lion-1200x675.jpg]
[davtonia.com/blackcoin/wp-content/uploads/BLK_stars-1200x675.jpg]
[davtonia.com/blackcoin/wp-content/uploads/BLK_cat-1200x675.jpg]
[davtonia.com/blackcoin/wp-content/uploads/BLK_wolf.jpg]
[davtonia.com/blackcoin/zh/portfolio-item-category/wallpapers/index.html]
[davtonia.com/blackcoin/wp-content/uploads/BLK_cat.jpg]
[davtonia.com/blackcoin/wp-content/uploads/BLK_japan.jpg]
[davtonia.com/blackcoin/wp-content/uploads/BLK_lion.jpg]
[davtonia.com/blackcoin/wp-content/uploads/BLK_stars.jpg]
[davtonia.com/blackcoin/wp-content/uploads/BLK_deers.jpg]
[davtonia.com/blackcoin/wp-content/uploads/BLK_keyboard.jpg]
[davtonia.com/blackcoin/wp-content/uploads/BLK_whisky.jpg]
[davtonia.com/blackcoin/zh/portfolio-item/01/index.html]
[davtonia.com/blackcoin/wp-login.html]
[davtonia.com/blackcoin/zh/portfolio-item-category/people/index.html]
[davtonia.com/blackcoin/portfolio-item-category/people/index.html]
[davtonia.com/blackcoin/zh/weekly-wallpapers2/index.html]
[davtonia.com/blackcoin/indexd2e1.html]
[davtonia.com/blackcoin/zh/weekly-wallpapers/index.html]
[davtonia.com/blackcoin/zh/2016/01/index.html]
[davtonia.com/blackcoin/zh/portfolio-item-category/shopping/index.html]
[davtonia.com/blackcoin/zh/category/uncategorized/index.html]
[davtonia.com/blackcoin/index6521.html]
[davtonia.com/blackcoin/index4be5.html]
[davtonia.com/blackcoin/portfolio-item-category/shopping/index.html]
[davtonia.com/blackcoin/zh/portfolio-item-category/technology/index.html]
[davtonia.com/blackcoin/indexee0c.html]
[davtonia.com/blackcoin/index0704.html]
[davtonia.com/blackcoin/portfolio-item-category/technology/index.html]
[davtonia.com/blackcoin/zh/portfolio-item/demo-sierra-farm/feed/index.html]
[davtonia.com/blackcoin/wp-content/uploads/2015/06/img-1-1200x800.png]
[davtonia.com/blackcoin/zh/portfolio-item/demo-sierra-farm/index.html]
[davtonia.com/blackcoin/portfolio-item/demo-sierra-farm/index.html]
[davtonia.com/blackcoin/ru/portfolio-item/01/index.html]
[davtonia.com/blackcoin/ru/portfolio-item-category/people/index.html]
[davtonia.com/blackcoin/zh/portfolio-item/demo-roman-forum/index.html]
[davtonia.com/blackcoin/ru/portfolio-item-category/shopping/index.html]
[davtonia.com/blackcoin/zh/portfolio-item-category/travel/index.html]
[davtonia.com/blackcoin/zh/portfolio-item-category/nevada/index.html]
[davtonia.com/blackcoin/ru/portfolio-item-category/technology/index.html]
[davtonia.com/blackcoin/zh/portfolio-item-tag/mountain/index.html]
[davtonia.com/blackcoin/zh/portfolio-item-tag/outdoors/index.html]
[davtonia.com/blackcoin/ru/portfolio-item/demo-sierra-farm/index.html]
[davtonia.com/blackcoin/zh/portfolio-item-tag/sky/index.html]
[davtonia.com/blackcoin/ru/portfolio-item/01/feed/index.html]
[davtonia.com/blackcoin/es/portfolio-item/01/index.html]
[davtonia.com/blackcoin/ru/portfolio-item/weekly-hq-wallpapers/index.html]
[davtonia.com/blackcoin/ru/portfolio-item-category/wallpapers/index.html]
[davtonia.com/blackcoin/es/portfolio-item-category/people/index.html]
[davtonia.com/blackcoin/ru/weekly-wallpapers2/index.html]
[davtonia.com/blackcoin/ru/weekly-wallpapers/index.html]
[davtonia.com/blackcoin/es/portfolio-item-category/shopping/index.html]
[davtonia.com/blackcoin/ru/2016/01/index.html]
[davtonia.com/blackcoin/ru/portfolio-item/demo-sierra-farm/feed/index.html]
[davtonia.com/blackcoin/ru/category/uncategorized/index.html]
[davtonia.com/blackcoin/es/portfolio-item-category/technology/index.html]
[davtonia.com/blackcoin/ru/portfolio-item/demo-roman-forum/index.html]
[davtonia.com/blackcoin/ru/portfolio-item-category/nevada/index.html]
[davtonia.com/blackcoin/es/portfolio-item/demo-sierra-farm/index.html]
[davtonia.com/blackcoin/ru/portfolio-item-category/travel/index.html]
[davtonia.com/blackcoin/ru/portfolio-item-tag/mountain/index.html]
[davtonia.com/blackcoin/index240f.html]
[davtonia.com/blackcoin/ru/portfolio-item-tag/outdoors/index.html]
[davtonia.com/blackcoin/ru/portfolio-item-tag/sky/index.html]
[davtonia.com/blackcoin/portfolio-item/01/index.html]
[davtonia.com/blackcoin/es/portfolio-item/01/feed/index.html]
[davtonia.com/blackcoin/es/portfolio-item/weekly-hq-wallpapers/index.html]
[davtonia.com/blackcoin/zh/portfolio-item/weekly-hq-wallpapers/index.html]
[davtonia.com/blackcoin/es/portfolio-item-category/wallpapers/index.html]
[davtonia.com/blackcoin/es/weekly-wallpapers/index.html]
[davtonia.com/blackcoin/es/2016/01/index.html]
[davtonia.com/blackcoin/zh/portfolio-item-category/wallpapers/index.html]
[davtonia.com/blackcoin/es/weekly-wallpapers2/index.html]
[davtonia.com/blackcoin/es/category/uncategorized/index.html]
[davtonia.com/blackcoin/portfolio-item-category/people/index.html]
[davtonia.com/blackcoin/es/portfolio-item/demo-sierra-farm/feed/index.html]
[davtonia.com/blackcoin/es/portfolio-item/demo-roman-forum/index.html]
[davtonia.com/blackcoin/wp-content/uploads/BLK_wolf_sml_opt.jpg]
[davtonia.com/blackcoin/es/portfolio-item-category/nevada/index.html]
[davtonia.com/blackcoin/wp-content/uploads/BLK_cat_sml_opt.jpg]
[davtonia.com/blackcoin/es/portfolio-item-category/travel/index.html]
[davtonia.com/blackcoin/es/portfolio-item-tag/mountain/index.html]
[davtonia.com/blackcoin/wp-content/uploads/BLK_japan_sml_opt.jpg]
[davtonia.com/blackcoin/es/portfolio-item-tag/outdoors/index.html]
[davtonia.com/blackcoin/es/portfolio-item-tag/sky/index.html]
[davtonia.com/blackcoin/portfolio-item/01/feed/index.html]
[davtonia.com/blackcoin/wp-content/uploads/BLK_lion_sml_opt.jpg]
[davtonia.com/blackcoin/portfolio-item/weekly-hq-wallpapers/index.html]
[davtonia.com/blackcoin/wp-content/uploads/BLK_stars_sml_opt.jpg]
[davtonia.com/blackcoin/portfolio-item-category/wallpapers/index.html]
[davtonia.com/blackcoin/wp-content/uploads/BLK_deers_sml_opt.jpg]
[davtonia.com/blackcoin/zh/portfolio-item/weekly-hq-wallpapers/feed/index.html]
[davtonia.com/blackcoin/wp-content/uploads/BLK_keyboard_sml__opt.jpg]
[davtonia.com/blackcoin/weekly-wallpapers2/index.html]
[davtonia.com/blackcoin/wp-content/uploads/BLK_whisky_sml_opt.jpg]
[davtonia.com/blackcoin/zh/weekly-wallpapers2/index.html]
[davtonia.com/blackcoin/weekly-wallpapers/index.html]
[davtonia.com/blackcoin/2016/01/index.html]
[davtonia.com/blackcoin/wp-content/plugins/gallery-voting/loading.gif]
[davtonia.com/blackcoin/zh/weekly-wallpapers/index.html]
[davtonia.com/blackcoin/category/uncategorized/index.html]
[davtonia.com/blackcoin/zh/weekly-wallpapers/feed/index.html]
[davtonia.com/blackcoin/zh/weekly-wallpapers2/feed/index.html]
[davtonia.com/blackcoin/zh/2016/01/index.html]
[davtonia.com/blackcoin/zh/category/uncategorized/index.html]
[davtonia.com/blackcoin/wp-includes/css/buttons.minb523.css]
[davtonia.com/blackcoin/zh/2016/01/20/index.html]
[davtonia.com/blackcoin/wp-includes/css/dashicons.minb523.css]
[davtonia.com/blackcoin/zh/2016/01/23/index.html]
[davtonia.com/blackcoin/wp-admin/css/login.minb523.css]
[davtonia.com/blackcoin/zh/category/uncategorized/feed/index.html]
[davtonia.com/blackcoin/wp-includes/js/jquery/jqueryc1d8.js]
[davtonia.com/blackcoin/wp-includes/js/jquery/jquery-migrate.min1576.js]
[davtonia.com/blackcoin/wp-login.html]
[davtonia.com/blackcoin/portfolio-item-category/shopping/index.html]
[davtonia.com/blackcoin/wp-loginc2b6.html]
[davtonia.com/blackcoin/portfolio-item-category/technology/index.html]
[davtonia.com/blackcoin/index40a0.html]
[davtonia.com/blackcoin/portfolio-item/demo-sierra-farm/index.html]
[davtonia.com/blackcoin/zh/portfolio-item/demo-roman-forum/index.html]
[davtonia.com/blackcoin/portfolio-item/demo-sierra-farm/feed/index.html]
[davtonia.com/blackcoin/portfolio-item/demo-roman-forum/index.html]
[davtonia.com/blackcoin/portfolio-item-category/nevada/index.html]
[davtonia.com/blackcoin/portfolio-item-category/travel/index.html]
[davtonia.com/blackcoin/wp-content/uploads/2015/06/img-1-862x575.png]
[davtonia.com/blackcoin/portfolio-item-tag/mountain/index.html]
[davtonia.com/blackcoin/zh/portfolio-item-category/nevada/index.html]
[davtonia.com/blackcoin/portfolio-item-tag/outdoors/index.html]
[davtonia.com/blackcoin/portfolio-item-tag/sky/index.html]
[davtonia.com/blackcoin/zh/portfolio-item/demo-roman-forum/feed/index.html]
[davtonia.com/blackcoin/zh/portfolio-item-category/travel/index.html]
[davtonia.com/blackcoin/zh/portfolio-item/demo-keyhole-arch/index.html]
[davtonia.com/blackcoin/zh/portfolio-item-category/italy/index.html]
[davtonia.com/blackcoin/zh/portfolio-item-tag/mountain/index.html]
[davtonia.com/blackcoin/zh/portfolio-item-tag/historic/index.html]
[davtonia.com/blackcoin/zh/portfolio-item/demo-bridge-to-gucci/index.html]
[davtonia.com/blackcoin/zh/portfolio-item-tag/outdoors/index.html]
[davtonia.com/blackcoin/zh/portfolio-item-tag/landmark/index.html]
[davtonia.com/blackcoin/zh/portfolio-item-category/california/index.html]
[davtonia.com/blackcoin/zh/portfolio-item-tag/sky/index.html]
[davtonia.com/blackcoin/zh/portfolio-item/demo-big-sur-milky-way/index.html]
[davtonia.com/blackcoin/zh/portfolio-item/demo-beach-town/index.html]
[davtonia.com/blackcoin/ru/portfolio-item/weekly-hq-wallpapers/index.html]
[davtonia.com/blackcoin/zh/portfolio-item-category/florida/index.html]
[davtonia.com/blackcoin/zh/portfolio-item/demo-monterrey-blue/index.html]
[davtonia.com/blackcoin/ru/portfolio-item-category/wallpapers/index.html]
[davtonia.com/blackcoin/zh/portfolio-item/demo-skyline/index.html]
[davtonia.com/blackcoin/zh/portfolio-item/demo-red-miami-sunset/index.html]
[davtonia.com/blackcoin/ru/weekly-wallpapers2/index.html]
[davtonia.com/blackcoin/zh/portfolio-item/demo-san-francisco-bay-bridge/index.html]
[davtonia.com/blackcoin/zh/portfolio-item/demo-south-beach/index.html]
[davtonia.com/blackcoin/ru/weekly-wallpapers/index.html]
[davtonia.com/blackcoin/zh/portfolio-item-category/travel/page/2/index.html]
[davtonia.com/blackcoin/zh/portfolio-item/demo-make-it-count/index.html]
[davtonia.com/blackcoin/ru/2016/01/index.html]
[davtonia.com/blackcoin/zh/portfolio-item-category/creative/index.html]
[davtonia.com/blackcoin/zh/portfolio-item-category/world/index.html]
[davtonia.com/blackcoin/ru/category/uncategorized/index.html]
[davtonia.com/blackcoin/zh/portfolio-item-tag/outdoors/page/2/index.html]
[davtonia.com/blackcoin/ru/weekly-wallpapers2/feed/index.html]
[davtonia.com/blackcoin/ru/portfolio-item/weekly-hq-wallpapers/feed/index.html]
[davtonia.com/blackcoin/ru/weekly-wallpapers/feed/index.html]
[davtonia.com/blackcoin/ru/portfolio-item/demo-roman-forum/index.html]
[davtonia.com/blackcoin/ru/2016/01/20/index.html]
[davtonia.com/blackcoin/ru/2016/01/23/index.html]
[davtonia.com/blackcoin/ru/portfolio-item-category/nevada/index.html]
[davtonia.com/blackcoin/ru/category/uncategorized/feed/index.html]
[davtonia.com/blackcoin/ru/portfolio-item/demo-roman-forum/feed/index.html]
[davtonia.com/blackcoin/ru/portfolio-item-category/travel/index.html]
[davtonia.com/blackcoin/ru/portfolio-item/demo-keyhole-arch/index.html]
[davtonia.com/blackcoin/ru/portfolio-item-category/italy/index.html]
[davtonia.com/blackcoin/ru/portfolio-item-tag/mountain/index.html]
[davtonia.com/blackcoin/ru/portfolio-item-tag/historic/index.html]
[davtonia.com/blackcoin/ru/portfolio-item-tag/landmark/index.html]
[davtonia.com/blackcoin/ru/portfolio-item-tag/outdoors/index.html]
[davtonia.com/blackcoin/ru/portfolio-item/demo-bridge-to-gucci/index.html]
[davtonia.com/blackcoin/ru/portfolio-item/demo-big-sur-milky-way/index.html]
[davtonia.com/blackcoin/ru/portfolio-item-tag/sky/index.html]
[davtonia.com/blackcoin/ru/portfolio-item-category/california/index.html]
[davtonia.com/blackcoin/ru/portfolio-item/demo-beach-town/index.html]
[davtonia.com/blackcoin/es/portfolio-item/weekly-hq-wallpapers/index.html]
[davtonia.com/blackcoin/ru/portfolio-item-category/florida/index.html]
[davtonia.com/blackcoin/ru/portfolio-item/demo-monterrey-blue/index.html]
[davtonia.com/blackcoin/es/portfolio-item-category/wallpapers/index.html]
[davtonia.com/blackcoin/ru/portfolio-item/demo-skyline/index.html]
[davtonia.com/blackcoin/ru/portfolio-item/demo-red-miami-sunset/index.html]
[davtonia.com/blackcoin/es/weekly-wallpapers2/index.html]
[davtonia.com/blackcoin/ru/portfolio-item/demo-san-francisco-bay-bridge/index.html]
[davtonia.com/blackcoin/ru/portfolio-item/demo-south-beach/index.html]
[davtonia.com/blackcoin/es/weekly-wallpapers/index.html]
[davtonia.com/blackcoin/ru/portfolio-item-category/travel/page/2/index.html]
[davtonia.com/blackcoin/ru/portfolio-item/demo-make-it-count/index.html]
[davtonia.com/blackcoin/es/2016/01/index.html]
[davtonia.com/blackcoin/ru/portfolio-item-category/creative/index.html]
[davtonia.com/blackcoin/ru/portfolio-item-category/world/index.html]
[davtonia.com/blackcoin/es/category/uncategorized/index.html]
[davtonia.com/blackcoin/ru/portfolio-item-tag/outdoors/page/2/index.html]
[davtonia.com/blackcoin/es/portfolio-item/weekly-hq-wallpapers/feed/index.html]
[davtonia.com/blackcoin/es/weekly-wallpapers2/feed/index.html]
[davtonia.com/blackcoin/es/portfolio-item/demo-roman-forum/index.html]
[davtonia.com/blackcoin/es/weekly-wallpapers/feed/index.html]
[davtonia.com/blackcoin/es/2016/01/20/index.html]
[davtonia.com/blackcoin/es/portfolio-item-category/nevada/index.html]
[davtonia.com/blackcoin/es/category/uncategorized/feed/index.html]
[davtonia.com/blackcoin/es/2016/01/23/index.html]
[davtonia.com/blackcoin/es/portfolio-item-category/travel/index.html]
[davtonia.com/blackcoin/es/portfolio-item/demo-roman-forum/feed/index.html]
[davtonia.com/blackcoin/es/portfolio-item/demo-keyhole-arch/index.html]
[davtonia.com/blackcoin/es/portfolio-item-tag/mountain/index.html]
[davtonia.com/blackcoin/es/portfolio-item-category/italy/index.html]
[davtonia.com/blackcoin/es/portfolio-item-tag/historic/index.html]
[davtonia.com/blackcoin/es/portfolio-item-tag/outdoors/index.html]
[davtonia.com/blackcoin/es/portfolio-item-tag/landmark/index.html]
[davtonia.com/blackcoin/es/portfolio-item/demo-bridge-to-gucci/index.html]
[davtonia.com/blackcoin/es/portfolio-item-tag/sky/index.html]
[davtonia.com/blackcoin/es/portfolio-item-category/california/index.html]
[davtonia.com/blackcoin/es/portfolio-item/demo-big-sur-milky-way/index.html]
[davtonia.com/blackcoin/portfolio-item/weekly-hq-wallpapers/index.html]
[davtonia.com/blackcoin/es/portfolio-item/demo-beach-town/index.html]
[davtonia.com/blackcoin/es/portfolio-item-category/florida/index.html]
[davtonia.com/blackcoin/portfolio-item-category/wallpapers/index.html]
[davtonia.com/blackcoin/es/portfolio-item/demo-monterrey-blue/index.html]
[davtonia.com/blackcoin/es/portfolio-item/demo-skyline/index.html]
[davtonia.com/blackcoin/index48aa.html]
[davtonia.com/blackcoin/es/portfolio-item/demo-red-miami-sunset/index.html]
[davtonia.com/blackcoin/es/portfolio-item/demo-san-francisco-bay-bridge/index.html]
[davtonia.com/blackcoin/weekly-wallpapers2/index.html]
[davtonia.com/blackcoin/es/portfolio-item/demo-south-beach/index.html]
[davtonia.com/blackcoin/es/portfolio-item-category/travel/page/2/index.html]
[davtonia.com/blackcoin/weekly-wallpapers/index.html]
[davtonia.com/blackcoin/es/portfolio-item/demo-make-it-count/index.html]
[davtonia.com/blackcoin/es/portfolio-item-category/creative/index.html]
[davtonia.com/blackcoin/2016/01/index.html]
[davtonia.com/blackcoin/es/portfolio-item-category/world/index.html]
[davtonia.com/blackcoin/category/uncategorized/index.html]
[davtonia.com/blackcoin/es/portfolio-item-tag/outdoors/page/2/index.html]
[davtonia.com/blackcoin/weekly-wallpapers/feed/index.html]
[davtonia.com/blackcoin/portfolio-item/weekly-hq-wallpapers/feed/index.html]
[davtonia.com/blackcoin/weekly-wallpapers2/feed/index.html]
[davtonia.com/blackcoin/index035d.html]
[davtonia.com/blackcoin/index3919.html]
[davtonia.com/blackcoin/2016/01/20/index.html]
[davtonia.com/blackcoin/zh/2016/01/20/index.html]
[davtonia.com/blackcoin/zh/2016/01/23/index.html]
[davtonia.com/blackcoin/wp-includes/css/buttons.minb523.css]
[davtonia.com/blackcoin/wp-includes/fonts/dashicons.eot]
[davtonia.com/blackcoin/wp-includes/css/dashicons.minb523.css]
[davtonia.com/blackcoin/2016/01/23/index.html]
[davtonia.com/blackcoin/category/uncategorized/feed/index.html]
[davtonia.com/blackcoin/wp-admin/images/loading.gif]
[davtonia.com/blackcoin/wp-admin/images/w-logo-blue7a53.png]
[davtonia.com/blackcoin/wp-admin/images/wordpress-logo7d6b.svg]
[davtonia.com/blackcoin/wp-admin/css/login.minb523.css]
[davtonia.com/blackcoin/wp-includes/js/jquery/jqueryc1d8.js]
[davtonia.com/blackcoin/wp-includes/js/jquery/jquery-migrate.min1576.js]
[davtonia.com/blackcoin/wp-loginc2b6.html]
[davtonia.com/blackcoin/portfolio-item/demo-roman-forum/index.html]
[davtonia.com/blackcoin/portfolio-item/demo-roman-forum/feed/index.html]
[davtonia.com/blackcoin/portfolio-item-category/nevada/index.html]
[davtonia.com/blackcoin/portfolio-item/demo-keyhole-arch/index.html]
[davtonia.com/blackcoin/portfolio-item-category/italy/index.html]
[davtonia.com/blackcoin/portfolio-item-category/travel/index.html]
[davtonia.com/blackcoin/portfolio-item-tag/historic/index.html]
[davtonia.com/blackcoin/portfolio-item/demo-bridge-to-gucci/index.html]
[davtonia.com/blackcoin/portfolio-item-tag/landmark/index.html]
[davtonia.com/blackcoin/portfolio-item-tag/mountain/index.html]
[davtonia.com/blackcoin/portfolio-item-category/california/index.html]
[davtonia.com/blackcoin/portfolio-item/demo-big-sur-milky-way/index.html]
[davtonia.com/blackcoin/portfolio-item/demo-beach-town/index.html]
[davtonia.com/blackcoin/portfolio-item-tag/outdoors/index.html]
[davtonia.com/blackcoin/portfolio-item-category/florida/index.html]
[davtonia.com/blackcoin/portfolio-item/demo-monterrey-blue/index.html]
[davtonia.com/blackcoin/portfolio-item-tag/sky/index.html]
[davtonia.com/blackcoin/portfolio-item/demo-skyline/index.html]
[davtonia.com/blackcoin/portfolio-item/demo-red-miami-sunset/index.html]
[davtonia.com/blackcoin/index2cf9.html]
[davtonia.com/blackcoin/portfolio-item/demo-san-francisco-bay-bridge/index.html]
[davtonia.com/blackcoin/portfolio-item/demo-south-beach/index.html]
[davtonia.com/blackcoin/portfolio-item-category/travel/page/2/index.html]
[davtonia.com/blackcoin/zh/portfolio-item/demo-keyhole-arch/index.html]
[davtonia.com/blackcoin/portfolio-item/demo-make-it-count/index.html]
[davtonia.com/blackcoin/portfolio-item-category/creative/index.html]
[davtonia.com/blackcoin/portfolio-item-category/world/index.html]
[davtonia.com/blackcoin/portfolio-item-tag/outdoors/page/2/index.html]
[davtonia.com/blackcoin/zh/portfolio-item/demo-keyhole-arch/feed/index.html]
[davtonia.com/blackcoin/zh/portfolio-item-category/italy/index.html]
[davtonia.com/blackcoin/zh/portfolio-item-tag/historic/index.html]
[davtonia.com/blackcoin/zh/portfolio-item-tag/landmark/index.html]
[davtonia.com/blackcoin/zh/portfolio-item-tag/shore/index.html]
[davtonia.com/blackcoin/zh/portfolio-item/demo-bridge-to-gucci/index.html]
[davtonia.com/blackcoin/zh/portfolio-item-tag/ocean/index.html]
[davtonia.com/blackcoin/zh/portfolio-item/demo-stockyards-hotel/index.html]
[davtonia.com/blackcoin/zh/portfolio-item-category/california/index.html]
[davtonia.com/blackcoin/zh/portfolio-item-category/texas/index.html]
[davtonia.com/blackcoin/zh/portfolio-item/demo-pike-place-market/index.html]
[davtonia.com/blackcoin/zh/portfolio-item/demo-big-sur-milky-way/index.html]
[davtonia.com/blackcoin/zh/portfolio-item-category/oregon/index.html]
[davtonia.com/blackcoin/zh/portfolio-item/demo-bridge-to-gucci/feed/index.html]
[davtonia.com/blackcoin/zh/portfolio-item/demo-beach-town/index.html]
[davtonia.com/blackcoin/zh/portfolio-item-tag/nightlife/index.html]
[davtonia.com/blackcoin/zh/portfolio-item-tag/upscale/index.html]
[davtonia.com/blackcoin/zh/portfolio-item-category/florida/index.html]
[davtonia.com/blackcoin/zh/portfolio-item/demo-big-sur-milky-way/feed/index.html]
[davtonia.com/blackcoin/zh/portfolio-item/demo-monterrey-blue/index.html]
[davtonia.com/blackcoin/zh/portfolio-item-tag/forrest/index.html]
[davtonia.com/blackcoin/zh/portfolio-item-tag/nighttime/index.html]
[davtonia.com/blackcoin/zh/portfolio-item/demo-beach-town/feed/index.html]
[davtonia.com/blackcoin/zh/portfolio-item/demo-skyline/index.html]
[davtonia.com/blackcoin/zh/portfolio-item-tag/beach/index.html]
[davtonia.com/blackcoin/zh/portfolio-item/demo-red-miami-sunset/index.html]
[davtonia.com/blackcoin/zh/portfolio-item-tag/evening/index.html]
[davtonia.com/blackcoin/zh/portfolio-item/demo-monterrey-blue/feed/index.html]
[davtonia.com/blackcoin/zh/portfolio-item/demo-san-francisco-bay-bridge/index.html]
[davtonia.com/blackcoin/zh/portfolio-item-tag/daytime/index.html]
[davtonia.com/blackcoin/zh/portfolio-item/demo-skyline/feed/index.html]
[davtonia.com/blackcoin/zh/portfolio-item/demo-south-beach/index.html]
[davtonia.com/blackcoin/zh/portfolio-item/demo-red-miami-sunset/feed/index.html]
[davtonia.com/blackcoin/zh/portfolio-item-category/travel/page/2/index.html]
[davtonia.com/blackcoin/zh/portfolio-item-tag/sunset/index.html]
[davtonia.com/blackcoin/zh/portfolio-item/demo-make-it-count/index.html]
[davtonia.com/blackcoin/zh/portfolio-item/demo-san-francisco-bay-bridge/feed/index.html]
[davtonia.com/blackcoin/zh/portfolio-item-category/creative/index.html]
[davtonia.com/blackcoin/zh/portfolio-item/demo-south-beach/feed/index.html]
[davtonia.com/blackcoin/zh/portfolio-item/demo-make-it-count/feed/index.html]
[davtonia.com/blackcoin/zh/portfolio-item-category/world/index.html]
[davtonia.com/blackcoin/zh/portfolio-item-tag/outdoors/page/2/index.html]
[davtonia.com/blackcoin/ru/2016/01/20/index.html]
[davtonia.com/blackcoin/ru/2016/01/23/index.html]
[davtonia.com/blackcoin/ru/portfolio-item/demo-keyhole-arch/index.html]
[davtonia.com/blackcoin/zh/portfolio-item/demo-have-you-tried-this/index.html]
[davtonia.com/blackcoin/zh/portfolio-item-category/inspiration/index.html]
[davtonia.com/blackcoin/ru/portfolio-item-category/italy/index.html]
[davtonia.com/blackcoin/ru/portfolio-item-tag/historic/index.html]
[davtonia.com/blackcoin/ru/portfolio-item/demo-keyhole-arch/feed/index.html]
[davtonia.com/blackcoin/ru/portfolio-item-tag/landmark/index.html]
[davtonia.com/blackcoin/ru/portfolio-item-tag/ocean/index.html]
[davtonia.com/blackcoin/ru/portfolio-item-tag/shore/index.html]
[davtonia.com/blackcoin/ru/portfolio-item/demo-bridge-to-gucci/index.html]
[davtonia.com/blackcoin/ru/portfolio-item/demo-stockyards-hotel/index.html]
[davtonia.com/blackcoin/ru/portfolio-item-category/texas/index.html]
[davtonia.com/blackcoin/ru/portfolio-item-category/california/index.html]
[davtonia.com/blackcoin/ru/portfolio-item/demo-pike-place-market/index.html]
[davtonia.com/blackcoin/ru/portfolio-item-category/oregon/index.html]
[davtonia.com/blackcoin/ru/portfolio-item/demo-big-sur-milky-way/index.html]
[davtonia.com/blackcoin/ru/portfolio-item/demo-bridge-to-gucci/feed/index.html]
[davtonia.com/blackcoin/ru/portfolio-item/demo-beach-town/index.html]
[davtonia.com/blackcoin/ru/portfolio-item-tag/nightlife/index.html]
[davtonia.com/blackcoin/ru/portfolio-item-tag/upscale/index.html]
[davtonia.com/blackcoin/ru/portfolio-item-category/florida/index.html]
[davtonia.com/blackcoin/ru/portfolio-item/demo-big-sur-milky-way/feed/index.html]
[davtonia.com/blackcoin/ru/portfolio-item-tag/forrest/index.html]
[davtonia.com/blackcoin/ru/portfolio-item/demo-monterrey-blue/index.html]
[davtonia.com/blackcoin/ru/portfolio-item-tag/nighttime/index.html]
[davtonia.com/blackcoin/ru/portfolio-item/demo-beach-town/feed/index.html]
[davtonia.com/blackcoin/ru/portfolio-item-tag/beach/index.html]
[davtonia.com/blackcoin/ru/portfolio-item/demo-skyline/index.html]
[davtonia.com/blackcoin/ru/portfolio-item-tag/evening/index.html]
[davtonia.com/blackcoin/ru/portfolio-item/demo-monterrey-blue/feed/index.html]
[davtonia.com/blackcoin/ru/portfolio-item/demo-red-miami-sunset/index.html]
[davtonia.com/blackcoin/ru/portfolio-item-tag/daytime/index.html]
[davtonia.com/blackcoin/ru/portfolio-item/demo-san-francisco-bay-bridge/index.html]
[davtonia.com/blackcoin/ru/portfolio-item/demo-red-miami-sunset/feed/index.html]
[davtonia.com/blackcoin/ru/portfolio-item-tag/sunset/index.html]
[davtonia.com/blackcoin/ru/portfolio-item/demo-skyline/feed/index.html]
[davtonia.com/blackcoin/ru/portfolio-item/demo-san-francisco-bay-bridge/feed/index.html]
[davtonia.com/blackcoin/ru/portfolio-item/demo-south-beach/index.html]
[davtonia.com/blackcoin/ru/portfolio-item-category/travel/page/2/index.html]
[davtonia.com/blackcoin/ru/portfolio-item/demo-make-it-count/index.html]
[davtonia.com/blackcoin/ru/portfolio-item-category/creative/index.html]
[davtonia.com/blackcoin/ru/portfolio-item/demo-south-beach/feed/index.html]
[davtonia.com/blackcoin/ru/portfolio-item-category/world/index.html]
[davtonia.com/blackcoin/ru/portfolio-item/demo-make-it-count/feed/index.html]
[davtonia.com/blackcoin/ru/portfolio-item-tag/outdoors/page/2/index.html]
[davtonia.com/blackcoin/es/2016/01/20/index.html]
[davtonia.com/blackcoin/es/2016/01/23/index.html]
[davtonia.com/blackcoin/es/portfolio-item/demo-keyhole-arch/index.html]
[davtonia.com/blackcoin/ru/portfolio-item/demo-have-you-tried-this/index.html]
[davtonia.com/blackcoin/es/portfolio-item-category/italy/index.html]
[davtonia.com/blackcoin/ru/portfolio-item-category/inspiration/index.html]
[davtonia.com/blackcoin/es/portfolio-item-tag/historic/index.html]
[davtonia.com/blackcoin/es/portfolio-item/demo-keyhole-arch/feed/index.html]
[davtonia.com/blackcoin/es/portfolio-item-tag/landmark/index.html]
[davtonia.com/blackcoin/es/portfolio-item-tag/ocean/index.html]
[davtonia.com/blackcoin/es/portfolio-item-tag/shore/index.html]
[davtonia.com/blackcoin/es/portfolio-item/demo-bridge-to-gucci/index.html]
[davtonia.com/blackcoin/es/portfolio-item/demo-stockyards-hotel/index.html]
[davtonia.com/blackcoin/es/portfolio-item-category/texas/index.html]
[davtonia.com/blackcoin/es/portfolio-item-category/california/index.html]
[davtonia.com/blackcoin/es/portfolio-item/demo-pike-place-market/index.html]
[davtonia.com/blackcoin/es/portfolio-item/demo-bridge-to-gucci/feed/index.html]
[davtonia.com/blackcoin/es/portfolio-item-category/oregon/index.html]
[davtonia.com/blackcoin/es/portfolio-item/demo-big-sur-milky-way/index.html]
[davtonia.com/blackcoin/es/portfolio-item-tag/nightlife/index.html]
[davtonia.com/blackcoin/es/portfolio-item/demo-beach-town/index.html]
[davtonia.com/blackcoin/es/portfolio-item/demo-big-sur-milky-way/feed/index.html]
[davtonia.com/blackcoin/es/portfolio-item-tag/upscale/index.html]
[davtonia.com/blackcoin/es/portfolio-item-tag/forrest/index.html]
[davtonia.com/blackcoin/es/portfolio-item-category/florida/index.html]
[davtonia.com/blackcoin/es/portfolio-item/demo-beach-town/feed/index.html]
[davtonia.com/blackcoin/es/portfolio-item-tag/nighttime/index.html]
[davtonia.com/blackcoin/es/portfolio-item/demo-monterrey-blue/index.html]
[davtonia.com/blackcoin/es/portfolio-item-tag/beach/index.html]
[davtonia.com/blackcoin/es/portfolio-item/demo-skyline/index.html]
[davtonia.com/blackcoin/es/portfolio-item-tag/evening/index.html]
[davtonia.com/blackcoin/es/portfolio-item/demo-red-miami-sunset/index.html]
[davtonia.com/blackcoin/es/portfolio-item/demo-monterrey-blue/feed/index.html]
[davtonia.com/blackcoin/es/portfolio-item-tag/daytime/index.html]
[davtonia.com/blackcoin/es/portfolio-item/demo-red-miami-sunset/feed/index.html]
[davtonia.com/blackcoin/es/portfolio-item/demo-skyline/feed/index.html]
[davtonia.com/blackcoin/es/portfolio-item/demo-san-francisco-bay-bridge/index.html]
[davtonia.com/blackcoin/es/portfolio-item/demo-south-beach/index.html]
[davtonia.com/blackcoin/es/portfolio-item-category/travel/page/2/index.html]
[davtonia.com/blackcoin/es/portfolio-item/demo-make-it-count/index.html]
[davtonia.com/blackcoin/es/portfolio-item-tag/sunset/index.html]
[davtonia.com/blackcoin/es/portfolio-item-category/creative/index.html]
[davtonia.com/blackcoin/es/portfolio-item/demo-san-francisco-bay-bridge/feed/index.html]
[davtonia.com/blackcoin/es/portfolio-item/demo-south-beach/feed/index.html]
[davtonia.com/blackcoin/es/portfolio-item-category/world/index.html]
[davtonia.com/blackcoin/es/portfolio-item-tag/outdoors/page/2/index.html]
[davtonia.com/blackcoin/2016/01/20/index.html]
[davtonia.com/blackcoin/es/portfolio-item/demo-make-it-count/feed/index.html]
[davtonia.com/blackcoin/2016/01/23/index.html]
[davtonia.com/blackcoin/portfolio-item/demo-keyhole-arch/index.html]
[davtonia.com/blackcoin/es/portfolio-item/demo-have-you-tried-this/index.html]
[davtonia.com/blackcoin/portfolio-item-category/italy/index.html]
[davtonia.com/blackcoin/es/portfolio-item-category/inspiration/index.html]
[davtonia.com/blackcoin/portfolio-item-tag/historic/index.html]
[davtonia.com/blackcoin/portfolio-item/demo-keyhole-arch/feed/index.html]
[davtonia.com/blackcoin/portfolio-item-tag/ocean/index.html]
[davtonia.com/blackcoin/portfolio-item-tag/landmark/index.html]
[davtonia.com/blackcoin/portfolio-item-tag/shore/index.html]
[davtonia.com/blackcoin/portfolio-item/demo-stockyards-hotel/index.html]
[davtonia.com/blackcoin/portfolio-item/demo-bridge-to-gucci/index.html]
[davtonia.com/blackcoin/portfolio-item-category/oregon/index.html]
[davtonia.com/blackcoin/portfolio-item/demo-bridge-to-gucci/feed/index.html]
[davtonia.com/blackcoin/portfolio-item-category/texas/index.html]
[davtonia.com/blackcoin/portfolio-item/demo-pike-place-market/index.html]
[davtonia.com/blackcoin/portfolio-item-category/california/index.html]
[davtonia.com/blackcoin/portfolio-item/demo-big-sur-milky-way/index.html]
[davtonia.com/blackcoin/portfolio-item-tag/nightlife/index.html]
[davtonia.com/blackcoin/portfolio-item/demo-beach-town/index.html]
[davtonia.com/blackcoin/portfolio-item-tag/upscale/index.html]
[davtonia.com/blackcoin/portfolio-item/demo-big-sur-milky-way/feed/index.html]
[davtonia.com/blackcoin/portfolio-item-tag/forrest/index.html]
[davtonia.com/blackcoin/portfolio-item-category/florida/index.html]
[davtonia.com/blackcoin/portfolio-item-tag/nighttime/index.html]
[davtonia.com/blackcoin/portfolio-item/demo-monterrey-blue/index.html]
[davtonia.com/blackcoin/portfolio-item/demo-beach-town/feed/index.html]
[davtonia.com/blackcoin/portfolio-item-tag/beach/index.html]
[davtonia.com/blackcoin/portfolio-item/demo-skyline/index.html]
[davtonia.com/blackcoin/portfolio-item/demo-monterrey-blue/feed/index.html]
[davtonia.com/blackcoin/portfolio-item-tag/evening/index.html]
[davtonia.com/blackcoin/portfolio-item/demo-red-miami-sunset/index.html]
[davtonia.com/blackcoin/portfolio-item-tag/daytime/index.html]
[davtonia.com/blackcoin/portfolio-item/demo-red-miami-sunset/feed/index.html]
[davtonia.com/blackcoin/portfolio-item/demo-skyline/feed/index.html]
[davtonia.com/blackcoin/portfolio-item/demo-san-francisco-bay-bridge/index.html]
[davtonia.com/blackcoin/portfolio-item/demo-south-beach/index.html]
[davtonia.com/blackcoin/portfolio-item-tag/sunset/index.html]
[davtonia.com/blackcoin/portfolio-item-category/travel/page/2/index.html]
[davtonia.com/blackcoin/portfolio-item/demo-make-it-count/index.html]
[davtonia.com/blackcoin/portfolio-item-category/creative/index.html]
[davtonia.com/blackcoin/portfolio-item/demo-san-francisco-bay-bridge/feed/index.html]
[davtonia.com/blackcoin/portfolio-item/demo-south-beach/feed/index.html]
[davtonia.com/blackcoin/portfolio-item-category/world/index.html]
[davtonia.com/blackcoin/portfolio-item/demo-make-it-count/feed/index.html]
[davtonia.com/blackcoin/portfolio-item-tag/outdoors/page/2/index.html]
[davtonia.com/blackcoin/index970c.html]
[davtonia.com/blackcoin/zh/portfolio-item-tag/ocean/index.html]
[davtonia.com/blackcoin/zh/portfolio-item-tag/shore/index.html]
[davtonia.com/blackcoin/zh/portfolio-item/demo-stockyards-hotel/index.html]
[davtonia.com/blackcoin/portfolio-item/demo-have-you-tried-this/index.html]
[davtonia.com/blackcoin/portfolio-item-category/inspiration/index.html]
[davtonia.com/blackcoin/zh/portfolio-item-category/texas/index.html]
[davtonia.com/blackcoin/zh/portfolio-item/demo-pike-place-market/index.html]
[davtonia.com/blackcoin/zh/portfolio-item/demo-stockyards-hotel/feed/index.html]
[davtonia.com/blackcoin/zh/portfolio-item-category/oregon/index.html]
[davtonia.com/blackcoin/zh/portfolio-item-tag/western/index.html]
[davtonia.com/blackcoin/zh/portfolio-item/demo-pike-place-market/feed/index.html]
[davtonia.com/blackcoin/index5c90.html]
[davtonia.com/blackcoin/zh/portfolio-item-tag/nightlife/index.html]
[davtonia.com/blackcoin/zh/portfolio-item-tag/upscale/index.html]
[davtonia.com/blackcoin/index88b9.html]
[davtonia.com/blackcoin/zh/portfolio-item-tag/forrest/index.html]
[davtonia.com/blackcoin/zh/portfolio-item-tag/nighttime/index.html]
[davtonia.com/blackcoin/index3c55.html]
[davtonia.com/blackcoin/zh/portfolio-item-tag/beach/index.html]
[davtonia.com/blackcoin/zh/portfolio-item-tag/evening/index.html]
[davtonia.com/blackcoin/index9cd7.html]
[davtonia.com/blackcoin/zh/portfolio-item-tag/daytime/index.html]
[davtonia.com/blackcoin/index5643.html]
[davtonia.com/blackcoin/indexc7e3.html]
[davtonia.com/blackcoin/zh/portfolio-item-tag/sunset/index.html]
[davtonia.com/blackcoin/index6c46.html]
[davtonia.com/blackcoin/indexdd23.html]
[davtonia.com/blackcoin/index1c4a.html]
[davtonia.com/blackcoin/zh/portfolio-item-tag/independent/index.html]
[davtonia.com/blackcoin/zh/portfolio-item/demo-have-you-tried-this/index.html]
[davtonia.com/blackcoin/zh/portfolio-item-tag/local-food/index.html]
[davtonia.com/blackcoin/zh/portfolio-item-tag/creative/index.html]
[davtonia.com/blackcoin/zh/portfolio-item-category/inspiration/index.html]
[davtonia.com/blackcoin/zh/portfolio-item/demo-have-you-tried-this/feed/index.html]
[davtonia.com/blackcoin/ru/portfolio-item-tag/ocean/index.html]
[davtonia.com/blackcoin/ru/portfolio-item-tag/shore/index.html]
[davtonia.com/blackcoin/ru/portfolio-item/demo-stockyards-hotel/index.html]
[davtonia.com/blackcoin/zh/portfolio-item-tag/ideas/index.html]
[davtonia.com/blackcoin/ru/portfolio-item-category/texas/index.html]
[davtonia.com/blackcoin/ru/portfolio-item/demo-pike-place-market/index.html]
[davtonia.com/blackcoin/zh/portfolio-item-tag/planning/index.html]
[davtonia.com/blackcoin/ru/portfolio-item-category/oregon/index.html]
[davtonia.com/blackcoin/ru/portfolio-item-tag/western/index.html]
[davtonia.com/blackcoin/ru/portfolio-item/demo-stockyards-hotel/feed/index.html]
[davtonia.com/blackcoin/ru/portfolio-item/demo-pike-place-market/feed/index.html]
[davtonia.com/blackcoin/ru/portfolio-item-tag/nightlife/index.html]
[davtonia.com/blackcoin/ru/portfolio-item-tag/upscale/index.html]
[davtonia.com/blackcoin/ru/portfolio-item-tag/forrest/index.html]
[davtonia.com/blackcoin/ru/portfolio-item-tag/nighttime/index.html]
[davtonia.com/blackcoin/ru/portfolio-item-tag/beach/index.html]
[davtonia.com/blackcoin/ru/portfolio-item-tag/evening/index.html]
[davtonia.com/blackcoin/ru/portfolio-item-tag/independent/index.html]
[davtonia.com/blackcoin/ru/portfolio-item-tag/daytime/index.html]
[davtonia.com/blackcoin/ru/portfolio-item-tag/sunset/index.html]
[davtonia.com/blackcoin/ru/portfolio-item/demo-have-you-tried-this/index.html]
[davtonia.com/blackcoin/ru/portfolio-item-tag/local-food/index.html]
[davtonia.com/blackcoin/ru/portfolio-item-category/inspiration/index.html]
[davtonia.com/blackcoin/ru/portfolio-item/demo-have-you-tried-this/feed/index.html]
[davtonia.com/blackcoin/ru/portfolio-item-tag/ideas/index.html]
[davtonia.com/blackcoin/es/portfolio-item-tag/ocean/index.html]
[davtonia.com/blackcoin/es/portfolio-item-tag/shore/index.html]
[davtonia.com/blackcoin/es/portfolio-item/demo-stockyards-hotel/index.html]
[davtonia.com/blackcoin/ru/portfolio-item-tag/creative/index.html]
[davtonia.com/blackcoin/es/portfolio-item-category/texas/index.html]
[davtonia.com/blackcoin/es/portfolio-item/demo-pike-place-market/index.html]
[davtonia.com/blackcoin/es/portfolio-item/demo-stockyards-hotel/feed/index.html]
[davtonia.com/blackcoin/ru/portfolio-item-tag/planning/index.html]
[davtonia.com/blackcoin/es/portfolio-item-tag/western/index.html]
[davtonia.com/blackcoin/es/portfolio-item-category/oregon/index.html]
[davtonia.com/blackcoin/es/portfolio-item-tag/nightlife/index.html]
[davtonia.com/blackcoin/es/portfolio-item-tag/upscale/index.html]
[davtonia.com/blackcoin/es/portfolio-item-tag/forrest/index.html]
[davtonia.com/blackcoin/es/portfolio-item-tag/nighttime/index.html]
[davtonia.com/blackcoin/es/portfolio-item-tag/beach/index.html]
[davtonia.com/blackcoin/es/portfolio-item-tag/evening/index.html]
[davtonia.com/blackcoin/es/portfolio-item-tag/daytime/index.html]
[davtonia.com/blackcoin/es/portfolio-item/demo-pike-place-market/feed/index.html]
[davtonia.com/blackcoin/es/portfolio-item-tag/sunset/index.html]
[davtonia.com/blackcoin/es/portfolio-item/demo-have-you-tried-this/index.html]
[davtonia.com/blackcoin/es/portfolio-item-tag/local-food/index.html]
[davtonia.com/blackcoin/es/portfolio-item-category/inspiration/index.html]
[davtonia.com/blackcoin/es/portfolio-item-tag/independent/index.html]
[davtonia.com/blackcoin/es/portfolio-item/demo-have-you-tried-this/feed/index.html]
[davtonia.com/blackcoin/portfolio-item-tag/ocean/index.html]
[davtonia.com/blackcoin/portfolio-item-tag/shore/index.html]
[davtonia.com/blackcoin/portfolio-item/demo-stockyards-hotel/index.html]
[davtonia.com/blackcoin/es/portfolio-item-tag/creative/index.html]
[davtonia.com/blackcoin/es/portfolio-item-tag/ideas/index.html]
[davtonia.com/blackcoin/portfolio-item-category/texas/index.html]
[davtonia.com/blackcoin/portfolio-item/demo-pike-place-market/index.html]
[davtonia.com/blackcoin/es/portfolio-item-tag/planning/index.html]
[davtonia.com/blackcoin/portfolio-item-category/oregon/index.html]
[davtonia.com/blackcoin/portfolio-item/demo-stockyards-hotel/feed/index.html]
[davtonia.com/blackcoin/portfolio-item/demo-pike-place-market/feed/index.html]
[davtonia.com/blackcoin/portfolio-item-tag/western/index.html]
[davtonia.com/blackcoin/portfolio-item-tag/nightlife/index.html]
[davtonia.com/blackcoin/portfolio-item-tag/upscale/index.html]
[davtonia.com/blackcoin/portfolio-item-tag/forrest/index.html]
[davtonia.com/blackcoin/portfolio-item-tag/independent/index.html]
[davtonia.com/blackcoin/portfolio-item-tag/nighttime/index.html]
[davtonia.com/blackcoin/portfolio-item-tag/beach/index.html]
[davtonia.com/blackcoin/portfolio-item-tag/evening/index.html]
[davtonia.com/blackcoin/portfolio-item-tag/daytime/index.html]
[davtonia.com/blackcoin/portfolio-item-tag/sunset/index.html]
[davtonia.com/blackcoin/portfolio-item/demo-have-you-tried-this/index.html]
[davtonia.com/blackcoin/portfolio-item-tag/local-food/index.html]
[davtonia.com/blackcoin/portfolio-item-category/inspiration/index.html]
[davtonia.com/blackcoin/portfolio-item/demo-have-you-tried-this/feed/index.html]
[davtonia.com/blackcoin/index1e7e.html]
[davtonia.com/blackcoin/zh/portfolio-item-tag/western/index.html]
[davtonia.com/blackcoin/index0d0b.html]
[davtonia.com/blackcoin/zh/portfolio-item-tag/independent/index.html]
[davtonia.com/blackcoin/portfolio-item-tag/ideas/index.html]
[davtonia.com/blackcoin/zh/portfolio-item-tag/local-food/index.html]
[davtonia.com/blackcoin/index4837.html]
[davtonia.com/blackcoin/zh/portfolio-item-tag/creative/index.html]
[davtonia.com/blackcoin/zh/portfolio-item-tag/ideas/index.html]
[davtonia.com/blackcoin/zh/portfolio-item-tag/planning/index.html]
[davtonia.com/blackcoin/ru/portfolio-item-tag/western/index.html]
[davtonia.com/blackcoin/ru/portfolio-item-tag/independent/index.html]
[davtonia.com/blackcoin/ru/portfolio-item-tag/local-food/index.html]
[davtonia.com/blackcoin/ru/portfolio-item-tag/creative/index.html]
[davtonia.com/blackcoin/ru/portfolio-item-tag/ideas/index.html]
[davtonia.com/blackcoin/ru/portfolio-item-tag/planning/index.html]
[davtonia.com/blackcoin/es/portfolio-item-tag/western/index.html]
[davtonia.com/blackcoin/es/portfolio-item-tag/independent/index.html]
[davtonia.com/blackcoin/es/portfolio-item-tag/local-food/index.html]
[davtonia.com/blackcoin/portfolio-item-tag/creative/index.html]
[davtonia.com/blackcoin/es/portfolio-item-tag/creative/index.html]
[davtonia.com/blackcoin/es/portfolio-item-tag/ideas/index.html]
[davtonia.com/blackcoin/es/portfolio-item-tag/planning/index.html]
[davtonia.com/blackcoin/portfolio-item-tag/western/index.html]
[davtonia.com/blackcoin/portfolio-item-tag/independent/index.html]
[davtonia.com/blackcoin/portfolio-item-tag/local-food/index.html]
[davtonia.com/blackcoin/portfolio-item-tag/creative/index.html]
[davtonia.com/blackcoin/portfolio-item-tag/ideas/index.html]
[davtonia.com/blackcoin/portfolio-item-tag/planning/index.html]
[davtonia.com/blackcoin/portfolio-item-tag/planning/index.html]
